2022-05-01 12:42:44 [scrapy.utils.log] INFO: Scrapy 2.6.1 started (bot: fotocasa)
2022-05-01 12:42:44 [scrapy.utils.log] INFO: Versions: lxml 4.8.0.0, libxml2 2.9.12, cssselect 1.1.0, parsel 1.6.0, w3lib 1.22.0, Twisted 22.4.0, Python 3.8.10 (default, Mar 15 2022, 12:22:08) - [GCC 9.4.0], pyOpenSSL 22.0.0 (OpenSSL 3.0.2 15 Mar 2022), cryptography 37.0.0, Platform Linux-5.4.0-109-generic-x86_64-with-glibc2.29
2022-05-01 12:42:44 [scrapy.crawler] INFO: Overridden settings:
{'BOT_NAME': 'fotocasa',
 'DOWNLOAD_TIMEOUT': 200,
 'LOG_FILE': 'logs/default/fotocasa_flats/3038a4c6c94c11ecb2bda3632b453d1c.log',
 'NEWSPIDER_MODULE': 'fotocasa.spiders',
 'RETRY_HTTP_CODES': [500, 502, 503, 504, 400, 403, 404, 408],
 'SPIDER_MODULES': ['fotocasa.spiders']}
2022-05-01 12:42:44 [scrapy.utils.log] DEBUG: Using reactor: twisted.internet.epollreactor.EPollReactor
2022-05-01 12:42:44 [scrapy.extensions.telnet] INFO: Telnet Password: b2148ae46148d27b
2022-05-01 12:42:44 [scrapy.middleware] INFO: Enabled extensions:
['scrapy.extensions.corestats.CoreStats',
 'scrapy.extensions.telnet.TelnetConsole',
 'scrapy.extensions.memusage.MemoryUsage',
 'scrapy.extensions.logstats.LogStats']
2022-05-01 12:42:44 [scrapy.middleware] INFO: Enabled downloader middlewares:
['scrapy.downloadermiddlewares.httpauth.HttpAuthMiddleware',
 'scrapy.downloadermiddlewares.downloadtimeout.DownloadTimeoutMiddleware',
 'scrapy.downloadermiddlewares.defaultheaders.DefaultHeadersMiddleware',
 'scrapy_useragents.downloadermiddlewares.useragents.UserAgentsMiddleware',
 'scrapy.downloadermiddlewares.retry.RetryMiddleware',
 'scrapy.downloadermiddlewares.redirect.MetaRefreshMiddleware',
 'scrapy.downloadermiddlewares.httpcompression.HttpCompressionMiddleware',
 'scrapy.downloadermiddlewares.redirect.RedirectMiddleware',
 'rotating_proxies.middlewares.BanDetectionMiddleware',
 'scrapy.downloadermiddlewares.cookies.CookiesMiddleware',
 'scrapy.downloadermiddlewares.httpproxy.HttpProxyMiddleware',
 'scrapy.downloadermiddlewares.stats.DownloaderStats']
2022-05-01 12:42:44 [scrapy.middleware] INFO: Enabled spider middlewares:
['scrapy.spidermiddlewares.httperror.HttpErrorMiddleware',
 'scrapy.spidermiddlewares.offsite.OffsiteMiddleware',
 'scrapy.spidermiddlewares.referer.RefererMiddleware',
 'scrapy.spidermiddlewares.urllength.UrlLengthMiddleware',
 'scrapy.spidermiddlewares.depth.DepthMiddleware']
2022-05-01 12:42:44 [scrapy.middleware] INFO: Enabled item pipelines:
['fotocasa.pipelines.FotocasaPipeline']
2022-05-01 12:42:44 [scrapy.core.engine] INFO: Spider opened
2022-05-01 12:42:44 [scrapy.extensions.logstats] INFO: Crawled 0 pages (at 0 pages/min), scraped 0 items (at 0 items/min)
2022-05-01 12:42:44 [scrapy.extensions.telnet] INFO: Telnet console listening on 127.0.0.1:6023
2022-05-01 12:42:45 [filelock] DEBUG: Attempting to acquire lock 140699154621536 on /home/stask/.cache/python-tldextract/3.8.10.final__venv__689c43__tldextract-3.2.1/publicsuffix.org-tlds/de84b5ca2167d4c83e38fb162f2e8738.tldextract.json.lock
2022-05-01 12:42:45 [filelock] DEBUG: Lock 140699154621536 acquired on /home/stask/.cache/python-tldextract/3.8.10.final__venv__689c43__tldextract-3.2.1/publicsuffix.org-tlds/de84b5ca2167d4c83e38fb162f2e8738.tldextract.json.lock
2022-05-01 12:42:45 [filelock] DEBUG: Attempting to release lock 140699154621536 on /home/stask/.cache/python-tldextract/3.8.10.final__venv__689c43__tldextract-3.2.1/publicsuffix.org-tlds/de84b5ca2167d4c83e38fb162f2e8738.tldextract.json.lock
2022-05-01 12:42:45 [filelock] DEBUG: Lock 140699154621536 released on /home/stask/.cache/python-tldextract/3.8.10.final__venv__689c43__tldextract-3.2.1/publicsuffix.org-tlds/de84b5ca2167d4c83e38fb162f2e8738.tldextract.json.lock
2022-05-01 12:42:45 [scrapy.core.engine] DEBUG: Crawled (200) <GET https://www.fotocasa.es/es/alquiler/viviendas/barcelona-capital/todas-las-zonas/l/1> (referer: https://www.fotocasa.es/)
2022-05-01 12:42:45 [scrapy.core.scraper] DEBUG: Scraped from <200 https://www.fotocasa.es/es/alquiler/viviendas/barcelona-capital/todas-las-zonas/l/1>
{'address': 'Gran Via de Carles III, Les Corts',
 'bathrooms': 2,
 'building_subtype': 'Flat',
 'building_type': 'Flat',
 'conservation_state': 1,
 'date': datetime.date(2022, 5, 1),
 'discount': 0.0,
 'extract_info_id': <ExtractionInfo: ExtractionInfo object (24)>,
 'floor_elevator': 1,
 'is_new_construction': False,
 'latitude': 41.38265,
 'link': '/es/alquiler/vivienda/barcelona-capital/calefaccion-ascensor-amueblado/163329407/d',
 'longitude': 2.127524,
 'neighbourhood': 'la maternitat i sant ramon',
 'neighbourhood_id': 20,
 'neighbourhood_meanprice': 14.44955937675135,
 'neighbourhood_meanprice_difference': 0.3841252510563777,
 'price': 1600,
 'price_m2': 20.0,
 'realestate': 'Api Dominguez',
 'realestate_id': 9202750486602,
 'rooms': 2,
 'sqft_m2': 80}
2022-05-01 12:42:45 [scrapy.core.scraper] DEBUG: Scraped from <200 https://www.fotocasa.es/es/alquiler/viviendas/barcelona-capital/todas-las-zonas/l/1>
{'address': 'Passatge de Sant Josep de la Muntanya, Gràcia',
 'bathrooms': 1,
 'building_subtype': 'House_Chalet',
 'building_type': 'Flat',
 'conservation_state': 1,
 'date': datetime.date(2022, 5, 1),
 'discount': 400.0,
 'extract_info_id': <ExtractionInfo: ExtractionInfo object (24)>,
 'floor_elevator': 0,
 'is_new_construction': False,
 'latitude': 41.41077,
 'link': '/es/alquiler/vivienda/barcelona-capital/aire-acondicionado-calefaccion-parking-jardin-terraza-trastero-patio-amueblado-parking-television-internet/163195037/d',
 'longitude': 2.154293,
 'neighbourhood': 'la salut',
 'neighbourhood_id': 30,
 'neighbourhood_meanprice': 13.14764745120012,
 'neighbourhood_meanprice_difference': 0.684168762894227,
 'price': 3100,
 'price_m2': 22.142857142857142,
 'realestate': 'ATEMPORAL MONTHLY RENTALS',
 'realestate_id': 9202764010012,
 'rooms': 1,
 'sqft_m2': 140}
2022-05-01 12:42:45 [scrapy.core.scraper] DEBUG: Scraped from <200 https://www.fotocasa.es/es/alquiler/viviendas/barcelona-capital/todas-las-zonas/l/1>
{'address': 'Sant Martí',
 'bathrooms': 2,
 'building_subtype': 'Flat',
 'building_type': 'Flat',
 'conservation_state': None,
 'date': datetime.date(2022, 5, 1),
 'discount': 0.0,
 'extract_info_id': <ExtractionInfo: ExtractionInfo object (24)>,
 'floor_elevator': 1,
 'is_new_construction': False,
 'latitude': 41.40654,
 'link': '/es/alquiler/vivienda/barcelona-capital/aire-acondicionado-calefaccion-zona-comunitaria-ascensor-amueblado-parking-television/162827950/d',
 'longitude': 2.213552,
 'neighbourhood': 'diagonal mar i el front marítim del poblenou',
 'neighbourhood_id': 69,
 'neighbourhood_meanprice': 17.261527510142248,
 'neighbourhood_meanprice_difference': 0.21657831195189195,
 'price': 2100,
 'price_m2': 21.0,
 'realestate': 'Walter Haus S.L.',
 'realestate_id': 9202754160431,
 'rooms': 3,
 'sqft_m2': 100}
2022-05-01 12:42:45 [scrapy.core.scraper] DEBUG: Scraped from <200 https://www.fotocasa.es/es/alquiler/viviendas/barcelona-capital/todas-las-zonas/l/1>
{'address': 'De Martínez de la Rosa, Gràcia',
 'bathrooms': 1,
 'building_subtype': 'Flat',
 'building_type': 'Flat',
 'conservation_state': 2,
 'date': datetime.date(2022, 5, 1),
 'discount': 0.0,
 'extract_info_id': <ExtractionInfo: ExtractionInfo object (24)>,
 'floor_elevator': 1,
 'is_new_construction': False,
 'latitude': 41.39945,
 'link': '/es/alquiler/vivienda/barcelona-capital/ascensor/163343597/d',
 'longitude': 2.159287,
 'neighbourhood': 'la vila de gràcia',
 'neighbourhood_id': 31,
 'neighbourhood_meanprice': 15.09676059493889,
 'neighbourhood_meanprice_difference': -0.05372320135330909,
 'price': 1100,
 'price_m2': 14.285714285714286,
 'realestate': 'RS GROUP',
 'realestate_id': 9202759306905,
 'rooms': 2,
 'sqft_m2': 77}
2022-05-01 12:42:45 [scrapy.core.scraper] DEBUG: Scraped from <200 https://www.fotocasa.es/es/alquiler/viviendas/barcelona-capital/todas-las-zonas/l/1>
{'address': 'Carrer del Consell de Cent, Eixample',
 'bathrooms': 2,
 'building_subtype': 'Flat',
 'building_type': 'Flat',
 'conservation_state': 3,
 'date': datetime.date(2022, 5, 1),
 'discount': 0.0,
 'extract_info_id': <ExtractionInfo: ExtractionInfo object (24)>,
 'floor_elevator': 1,
 'is_new_construction': False,
 'latitude': 41.38923,
 'link': '/es/alquiler/vivienda/barcelona-capital/aire-acondicionado-ascensor/163341039/d',
 'longitude': 2.163172,
 'neighbourhood': "la dreta de l'eixample",
 'neighbourhood_id': 7,
 'neighbourhood_meanprice': 14.399608832391861,
 'neighbourhood_meanprice_difference': 0.0549228362582514,
 'price': 1595,
 'price_m2': 15.19047619047619,
 'realestate': 'Activa Properties',
 'realestate_id': 9202767830668,
 'rooms': 3,
 'sqft_m2': 105}
2022-05-01 12:42:45 [scrapy.core.scraper] DEBUG: Scraped from <200 https://www.fotocasa.es/es/alquiler/viviendas/barcelona-capital/todas-las-zonas/l/1>
{'address': 'Carrer de Viladomat, Eixample',
 'bathrooms': 1,
 'building_subtype': 'Flat',
 'building_type': 'Flat',
 'conservation_state': 1,
 'date': datetime.date(2022, 5, 1),
 'discount': 0.0,
 'extract_info_id': <ExtractionInfo: ExtractionInfo object (24)>,
 'floor_elevator': 1,
 'is_new_construction': False,
 'latitude': 41.38648,
 'link': '/es/alquiler/vivienda/barcelona-capital/aire-acondicionado-calefaccion-ascensor-no-amueblado/163337010/d',
 'longitude': 2.147987,
 'neighbourhood': "la nova esquerra de l'eixample",
 'neighbourhood_id': 9,
 'neighbourhood_meanprice': 14.521146251476097,
 'neighbourhood_meanprice_difference': 0.44616682707574257,
 'price': 1050,
 'price_m2': 21.0,
 'realestate': 'Api Dominguez',
 'realestate_id': 9202750486602,
 'rooms': 1,
 'sqft_m2': 50}
2022-05-01 12:42:45 [scrapy.core.scraper] DEBUG: Scraped from <200 https://www.fotocasa.es/es/alquiler/viviendas/barcelona-capital/todas-las-zonas/l/1>
{'address': 'Carrer de Parcerisa, 23, Sants - Montjuïc',
 'bathrooms': 1,
 'building_subtype': 'Flat',
 'building_type': 'Flat',
 'conservation_state': 1,
 'date': datetime.date(2022, 5, 1),
 'discount': 0.0,
 'extract_info_id': <ExtractionInfo: ExtractionInfo object (24)>,
 'floor_elevator': 1,
 'is_new_construction': False,
 'latitude': 41.36845,
 'link': '/es/alquiler/vivienda/barcelona-capital/parking-trastero-zona-comunitaria-ascensor-amueblado-se-aceptan-mascotas-piscina/163334151/d',
 'longitude': 2.134559,
 'neighbourhood': 'la bordeta',
 'neighbourhood_id': 16,
 'neighbourhood_meanprice': 12.756845095570602,
 'neighbourhood_meanprice_difference': 0.8421482603217944,
 'price': 1175,
 'price_m2': 23.5,
 'realestate': 'Bcn Housing Place',
 'realestate_id': 9202768527033,
 'rooms': 1,
 'sqft_m2': 50}
2022-05-01 12:42:45 [scrapy.core.scraper] DEBUG: Scraped from <200 https://www.fotocasa.es/es/alquiler/viviendas/barcelona-capital/todas-las-zonas/l/1>
{'address': 'Ronda de Sant Pau, Eixample',
 'bathrooms': 1,
 'building_subtype': 'Flat',
 'building_type': 'Flat',
 'conservation_state': 2,
 'date': datetime.date(2022, 5, 1),
 'discount': 0.0,
 'extract_info_id': <ExtractionInfo: ExtractionInfo object (24)>,
 'floor_elevator': 1,
 'is_new_construction': False,
 'latitude': 41.37518,
 'link': '/es/alquiler/vivienda/barcelona-capital/ascensor-no-amueblado/163327299/d',
 'longitude': 2.167075,
 'neighbourhood': 'sant antoni',
 'neighbourhood_id': 10,
 'neighbourhood_meanprice': 13.848563622132446,
 'neighbourhood_meanprice_difference': -0.1635714974207776,
 'price': 1390,
 'price_m2': 11.583333333333334,
 'realestate': 'Api Dominguez',
 'realestate_id': 9202750486602,
 'rooms': 4,
 'sqft_m2': 120}
2022-05-01 12:42:45 [scrapy.core.scraper] DEBUG: Scraped from <200 https://www.fotocasa.es/es/alquiler/viviendas/barcelona-capital/todas-las-zonas/l/1>
{'address': "Carrer D'allada Vermell, Ciutat Vella",
 'bathrooms': 1,
 'building_subtype': 'Flat',
 'building_type': 'Flat',
 'conservation_state': 1,
 'date': datetime.date(2022, 5, 1),
 'discount': 50.0,
 'extract_info_id': <ExtractionInfo: ExtractionInfo object (24)>,
 'floor_elevator': 0,
 'is_new_construction': False,
 'latitude': 41.38677,
 'link': '/es/alquiler/vivienda/barcelona-capital/aire-acondicionado-calefaccion-amueblado/162940525/d',
 'longitude': 2.180982,
 'neighbourhood': 'sant pere, santa caterina i la ribera',
 'neighbourhood_id': 4,
 'neighbourhood_meanprice': 15.157329044420129,
 'neighbourhood_meanprice_difference': 0.05559495034450571,
 'price': 800,
 'price_m2': 16.0,
 'realestate': 'SOMOSCASA',
 'realestate_id': 9202752737168,
 'rooms': 1,
 'sqft_m2': 50}
2022-05-01 12:42:45 [scrapy.core.scraper] DEBUG: Scraped from <200 https://www.fotocasa.es/es/alquiler/viviendas/barcelona-capital/todas-las-zonas/l/1>
{'address': 'Lepant, Eixample',
 'bathrooms': 1,
 'building_subtype': 'Study',
 'building_type': 'Flat',
 'conservation_state': None,
 'date': datetime.date(2022, 5, 1),
 'discount': 0.0,
 'extract_info_id': <ExtractionInfo: ExtractionInfo object (24)>,
 'floor_elevator': 0,
 'is_new_construction': False,
 'latitude': 41.40746,
 'link': '/es/alquiler/vivienda/barcelona-capital/calefaccion-patio-no-amueblado/163312946/d',
 'longitude': 2.172513,
 'neighbourhood': 'la sagrada família',
 'neighbourhood_id': 6,
 'neighbourhood_meanprice': 14.47648683792361,
 'neighbourhood_meanprice_difference': 0.036162997827964685,
 'price': 825,
 'price_m2': 15.0,
 'realestate': 'Balsells Zaragoza Gestió',
 'realestate_id': 9202754153645,
 'rooms': 2,
 'sqft_m2': 55}
2022-05-01 12:42:45 [scrapy.core.scraper] DEBUG: Scraped from <200 https://www.fotocasa.es/es/alquiler/viviendas/barcelona-capital/todas-las-zonas/l/1>
{'address': 'Carrer de Les Pedreres, Sants - Montjuïc',
 'bathrooms': 2,
 'building_subtype': 'Flat',
 'building_type': 'Flat',
 'conservation_state': None,
 'date': datetime.date(2022, 5, 1),
 'discount': 0.0,
 'extract_info_id': <ExtractionInfo: ExtractionInfo object (24)>,
 'floor_elevator': 0,
 'is_new_construction': False,
 'latitude': 41.37247,
 'link': '/es/alquiler/vivienda/barcelona-capital/aire-acondicionado-calefaccion-parking-amueblado-parking/163312920/d',
 'longitude': 2.158669,
 'neighbourhood': 'el poble sec - aei parc montjuïc',
 'neighbourhood_id': 11,
 'neighbourhood_meanprice': 14.359229885638657,
 'neighbourhood_meanprice_difference': 0.04462426741995459,
 'price': 1200,
 'price_m2': 15.0,
 'realestate': 'Balsells Zaragoza Gestió',
 'realestate_id': 9202754153645,
 'rooms': 2,
 'sqft_m2': 80}
2022-05-01 12:42:45 [scrapy.core.scraper] DEBUG: Scraped from <200 https://www.fotocasa.es/es/alquiler/viviendas/barcelona-capital/todas-las-zonas/l/1>
{'address': 'Eixample',
 'bathrooms': 2,
 'building_subtype': 'Flat',
 'building_type': 'Flat',
 'conservation_state': None,
 'date': datetime.date(2022, 5, 1),
 'discount': 0.0,
 'extract_info_id': <ExtractionInfo: ExtractionInfo object (24)>,
 'floor_elevator': 1,
 'is_new_construction': False,
 'latitude': 41.37986,
 'link': '/es/alquiler/vivienda/barcelona-capital/ascensor/163312586/d',
 'longitude': 2.148568,
 'neighbourhood': "la nova esquerra de l'eixample",
 'neighbourhood_id': 9,
 'neighbourhood_meanprice': 14.521146251476097,
 'neighbourhood_meanprice_difference': 0.0290185414332049,
 'price': 1300,
 'price_m2': 14.942528735632184,
 'realestate': 'Forcadell Res.Lloguers',
 'realestate_id': 9202753948202,
 'rooms': 4,
 'sqft_m2': 87}
2022-05-01 12:42:45 [scrapy.core.scraper] DEBUG: Scraped from <200 https://www.fotocasa.es/es/alquiler/viviendas/barcelona-capital/todas-las-zonas/l/1>
{'address': 'Carrer del Rosselló, Eixample',
 'bathrooms': 2,
 'building_subtype': 'Flat',
 'building_type': 'Flat',
 'conservation_state': 3,
 'date': datetime.date(2022, 5, 1),
 'discount': 0.0,
 'extract_info_id': <ExtractionInfo: ExtractionInfo object (24)>,
 'floor_elevator': 1,
 'is_new_construction': False,
 'latitude': 41.40349,
 'link': '/es/alquiler/vivienda/barcelona-capital/aire-acondicionado-calefaccion-ascensor/163297501/d',
 'longitude': 2.171414,
 'neighbourhood': 'la sagrada família',
 'neighbourhood_id': 6,
 'neighbourhood_meanprice': 14.47648683792361,
 'neighbourhood_meanprice_difference': -0.09108508962459244,
 'price': 1250,
 'price_m2': 13.157894736842104,
 'realestate': 'SIMURBA',
 'realestate_id': 943003044173,
 'rooms': 4,
 'sqft_m2': 95}
2022-05-01 12:42:45 [scrapy.core.scraper] DEBUG: Scraped from <200 https://www.fotocasa.es/es/alquiler/viviendas/barcelona-capital/todas-las-zonas/l/1>
{'address': 'Ciutat Vella',
 'bathrooms': 1,
 'building_subtype': 'Flat',
 'building_type': 'Flat',
 'conservation_state': None,
 'date': datetime.date(2022, 5, 1),
 'discount': 0.0,
 'extract_info_id': <ExtractionInfo: ExtractionInfo object (24)>,
 'floor_elevator': 1,
 'is_new_construction': False,
 'latitude': 41.37949,
 'link': '/es/alquiler/vivienda/barcelona-capital/aire-acondicionado-calefaccion-ascensor-amueblado/155301158/d',
 'longitude': 2.180007,
 'neighbourhood': 'el barri gòtic',
 'neighbourhood_id': 2,
 'neighbourhood_meanprice': 14.29878969560128,
 'neighbourhood_meanprice_difference': 0.6651425971282244,
 'price': 1500,
 'price_m2': 23.80952380952381,
 'realestate': 'MARCOVE',
 'realestate_id': 9202750666567,
 'rooms': 2,
 'sqft_m2': 63}
2022-05-01 12:42:45 [scrapy.core.scraper] DEBUG: Scraped from <200 https://www.fotocasa.es/es/alquiler/viviendas/barcelona-capital/todas-las-zonas/l/1>
{'address': 'Eixample',
 'bathrooms': 2,
 'building_subtype': 'Flat',
 'building_type': 'Flat',
 'conservation_state': None,
 'date': datetime.date(2022, 5, 1),
 'discount': 0.0,
 'extract_info_id': <ExtractionInfo: ExtractionInfo object (24)>,
 'floor_elevator': 1,
 'is_new_construction': False,
 'latitude': 41.39584,
 'link': '/es/alquiler/vivienda/barcelona-capital/ascensor/163214326/d',
 'longitude': 2.179376,
 'neighbourhood': 'el fort pienc',
 'neighbourhood_id': 5,
 'neighbourhood_meanprice': 14.015333335958172,
 'neighbourhood_meanprice_difference': 0.10173451465273943,
 'price': 1050,
 'price_m2': 15.441176470588236,
 'realestate': 'Forcadell Res.Lloguers',
 'realestate_id': 9202753948202,
 'rooms': 4,
 'sqft_m2': 68}
2022-05-01 12:42:45 [scrapy.core.scraper] DEBUG: Scraped from <200 https://www.fotocasa.es/es/alquiler/viviendas/barcelona-capital/todas-las-zonas/l/1>
{'address': 'Bonanova, Sarrià - Sant Gervasi',
 'bathrooms': 3,
 'building_subtype': 'Flat',
 'building_type': 'Flat',
 'conservation_state': None,
 'date': datetime.date(2022, 5, 1),
 'discount': 0.0,
 'extract_info_id': <ExtractionInfo: ExtractionInfo object (24)>,
 'floor_elevator': 1,
 'is_new_construction': False,
 'latitude': 41.40347,
 'link': '/es/alquiler/vivienda/barcelona-capital/calefaccion-parking-terraza-ascensor/162804372/d',
 'longitude': 2.127793,
 'neighbourhood': 'les tres torres',
 'neighbourhood_id': 24,
 'neighbourhood_meanprice': 17.04511496568929,
 'neighbourhood_meanprice_difference': 0.11624642666626643,
 'price': 2150,
 'price_m2': 19.02654867256637,
 'realestate': 'ALTING GRUPO INMOBILIARIO',
 'realestate_id': 9202767543739,
 'rooms': 3,
 'sqft_m2': 113}
2022-05-01 12:42:45 [scrapy.core.scraper] DEBUG: Scraped from <200 https://www.fotocasa.es/es/alquiler/viviendas/barcelona-capital/todas-las-zonas/l/1>
{'address': 'Eixample',
 'bathrooms': 4,
 'building_subtype': 'Apartment',
 'building_type': 'Flat',
 'conservation_state': None,
 'date': datetime.date(2022, 5, 1),
 'discount': 0.0,
 'extract_info_id': <ExtractionInfo: ExtractionInfo object (24)>,
 'floor_elevator': 0,
 'is_new_construction': False,
 'latitude': 41.39428,
 'link': '/es/alquiler/vivienda/barcelona-capital/terraza-piscina-amueblado-piscina/162994620/d',
 'longitude': 2.177895,
 'neighbourhood': 'el fort pienc',
 'neighbourhood_id': 5,
 'neighbourhood_meanprice': 14.015333335958172,
 'neighbourhood_meanprice_difference': 0.7837606427711019,
 'price': 2500,
 'price_m2': 25.0,
 'realestate': 'Next Door Bcn',
 'realestate_id': 9202768280068,
 'rooms': 3,
 'sqft_m2': 100}
2022-05-01 12:42:45 [scrapy.core.scraper] DEBUG: Scraped from <200 https://www.fotocasa.es/es/alquiler/viviendas/barcelona-capital/todas-las-zonas/l/1>
{'address': 'Via Augusta, Sarrià - Sant Gervasi',
 'bathrooms': 2,
 'building_subtype': 'Flat',
 'building_type': 'Flat',
 'conservation_state': 1,
 'date': datetime.date(2022, 5, 1),
 'discount': 0.0,
 'extract_info_id': <ExtractionInfo: ExtractionInfo object (24)>,
 'floor_elevator': 1,
 'is_new_construction': False,
 'latitude': 41.39753,
 'link': '/es/alquiler/vivienda/barcelona-capital/aire-acondicionado-calefaccion-terraza-ascensor-amueblado/163372225/d',
 'longitude': 2.128227,
 'neighbourhood': 'les tres torres',
 'neighbourhood_id': 24,
 'neighbourhood_meanprice': 17.04511496568929,
 'neighbourhood_meanprice_difference': 0.03255390388552138,
 'price': 2200,
 'price_m2': 17.6,
 'realestate': 'Api Dominguez',
 'realestate_id': 9202750486602,
 'rooms': 3,
 'sqft_m2': 125}
2022-05-01 12:42:45 [scrapy.core.scraper] DEBUG: Scraped from <200 https://www.fotocasa.es/es/alquiler/viviendas/barcelona-capital/todas-las-zonas/l/1>
{'address': 'Carrer del Cardenal Vives I Tutó, Sarrià - Sant Gervasi',
 'bathrooms': 1,
 'building_subtype': 'Flat',
 'building_type': 'Flat',
 'conservation_state': 1,
 'date': datetime.date(2022, 5, 1),
 'discount': 0.0,
 'extract_info_id': <ExtractionInfo: ExtractionInfo object (24)>,
 'floor_elevator': 1,
 'is_new_construction': False,
 'latitude': 41.39481,
 'link': '/es/alquiler/vivienda/barcelona-capital/calefaccion-ascensor/163372098/d',
 'longitude': 2.122122,
 'neighbourhood': 'sarrià',
 'neighbourhood_id': 23,
 'neighbourhood_meanprice': 16.866645352136484,
 'neighbourhood_meanprice_difference': 0.051894737421725186,
 'price': 1100,
 'price_m2': 17.741935483870968,
 'realestate': 'Api Dominguez',
 'realestate_id': 9202750486602,
 'rooms': 2,
 'sqft_m2': 62}
2022-05-01 12:42:45 [scrapy.core.scraper] DEBUG: Scraped from <200 https://www.fotocasa.es/es/alquiler/viviendas/barcelona-capital/todas-las-zonas/l/1>
{'address': 'Gran Via de Les Corts Catalanes, Sants - Montjuïc',
 'bathrooms': 2,
 'building_subtype': 'Flat',
 'building_type': 'Flat',
 'conservation_state': 2,
 'date': datetime.date(2022, 5, 1),
 'discount': 0.0,
 'extract_info_id': <ExtractionInfo: ExtractionInfo object (24)>,
 'floor_elevator': 1,
 'is_new_construction': False,
 'latitude': 41.36372,
 'link': '/es/alquiler/vivienda/barcelona-capital/aire-acondicionado-terraza-ascensor-no-amueblado/163372032/d',
 'longitude': 2.134867,
 'neighbourhood': 'la marina de port',
 'neighbourhood_id': 13,
 'neighbourhood_meanprice': 10.826746822359492,
 'neighbourhood_meanprice_difference': 0.049589184090652404,
 'price': 1250,
 'price_m2': 11.363636363636363,
 'realestate': 'Api Dominguez',
 'realestate_id': 9202750486602,
 'rooms': 4,
 'sqft_m2': 110}
2022-05-01 12:42:45 [scrapy.core.scraper] DEBUG: Scraped from <200 https://www.fotocasa.es/es/alquiler/viviendas/barcelona-capital/todas-las-zonas/l/1>
{'address': 'Carrer de Galileu, Les Corts',
 'bathrooms': 1,
 'building_subtype': 'Flat',
 'building_type': 'Flat',
 'conservation_state': 1,
 'date': datetime.date(2022, 5, 1),
 'discount': 0.0,
 'extract_info_id': <ExtractionInfo: ExtractionInfo object (24)>,
 'floor_elevator': 1,
 'is_new_construction': False,
 'latitude': 41.38285,
 'link': '/es/alquiler/vivienda/barcelona-capital/calefaccion-ascensor-no-amueblado/163362421/d',
 'longitude': 2.132799,
 'neighbourhood': 'les corts',
 'neighbourhood_id': 19,
 'neighbourhood_meanprice': 15.052336801010366,
 'neighbourhood_meanprice_difference': 0.04762675574547891,
 'price': 1025,
 'price_m2': 15.76923076923077,
 'realestate': 'URBENORTE CATALUNYA',
 'realestate_id': 900140000217,
 'rooms': 2,
 'sqft_m2': 65}
2022-05-01 12:42:45 [scrapy.core.scraper] DEBUG: Scraped from <200 https://www.fotocasa.es/es/alquiler/viviendas/barcelona-capital/todas-las-zonas/l/1>
{'address': 'Bisbe Sivilla, Sarrià - Sant Gervasi',
 'bathrooms': 2,
 'building_subtype': 'Flat',
 'building_type': 'Flat',
 'conservation_state': None,
 'date': datetime.date(2022, 5, 1),
 'discount': 0.0,
 'extract_info_id': <ExtractionInfo: ExtractionInfo object (24)>,
 'floor_elevator': 1,
 'is_new_construction': False,
 'latitude': 41.40458,
 'link': '/es/alquiler/vivienda/barcelona-capital/aire-acondicionado-calefaccion-ascensor-no-amueblado/163362241/d',
 'longitude': 2.134664,
 'neighbourhood': 'sant gervasi - la bonanova',
 'neighbourhood_id': 25,
 'neighbourhood_meanprice': 16.038572036859406,
 'neighbourhood_meanprice_difference': 0.20245831370725428,
 'price': 1350,
 'price_m2': 19.285714285714285,
 'realestate': 'URBENORTE CATALUNYA',
 'realestate_id': 900140000217,
 'rooms': 2,
 'sqft_m2': 70}
2022-05-01 12:42:45 [scrapy.core.scraper] DEBUG: Scraped from <200 https://www.fotocasa.es/es/alquiler/viviendas/barcelona-capital/todas-las-zonas/l/1>
{'address': 'Ronda del General Mitre, Sarrià - Sant Gervasi',
 'bathrooms': 2,
 'building_subtype': 'Flat',
 'building_type': 'Flat',
 'conservation_state': 3,
 'date': datetime.date(2022, 5, 1),
 'discount': 0.0,
 'extract_info_id': <ExtractionInfo: ExtractionInfo object (24)>,
 'floor_elevator': 1,
 'is_new_construction': False,
 'latitude': 41.39307,
 'link': '/es/alquiler/vivienda/barcelona-capital/aire-acondicionado-calefaccion-terraza-ascensor-amueblado/163361005/d',
 'longitude': 2.130431,
 'neighbourhood': 'les tres torres',
 'neighbourhood_id': 24,
 'neighbourhood_meanprice': 17.04511496568929,
 'neighbourhood_meanprice_difference': -0.06664807241752986,
 'price': 2100,
 'price_m2': 15.909090909090908,
 'realestate': 'APROPERTIES REAL ESTATE BARCELONA Nº Aicat 6388',
 'realestate_id': 9202753825457,
 'rooms': 3,
 'sqft_m2': 132}
2022-05-01 12:42:45 [scrapy.core.scraper] DEBUG: Scraped from <200 https://www.fotocasa.es/es/alquiler/viviendas/barcelona-capital/todas-las-zonas/l/1>
{'address': 'Carrer Ample, Ciutat Vella',
 'bathrooms': 1,
 'building_subtype': 'Flat',
 'building_type': 'Flat',
 'conservation_state': 3,
 'date': datetime.date(2022, 5, 1),
 'discount': 0.0,
 'extract_info_id': <ExtractionInfo: ExtractionInfo object (24)>,
 'floor_elevator': 1,
 'is_new_construction': False,
 'latitude': 41.37949,
 'link': '/es/alquiler/vivienda/barcelona-capital/aire-acondicionado-calefaccion-terraza-trastero-ascensor-piscina-no-amueblado/163353966/d',
 'longitude': 2.179122,
 'neighbourhood': 'el barri gòtic',
 'neighbourhood_id': 2,
 'neighbourhood_meanprice': 14.29878969560128,
 'neighbourhood_meanprice_difference': 1.1924932576387333,
 'price': 2508,
 'price_m2': 31.35,
 'realestate': 'APROPERTIES REAL ESTATE BARCELONA Nº Aicat 6388',
 'realestate_id': 9202753825457,
 'rooms': 2,
 'sqft_m2': 80}
2022-05-01 12:42:45 [scrapy.core.scraper] DEBUG: Scraped from <200 https://www.fotocasa.es/es/alquiler/viviendas/barcelona-capital/todas-las-zonas/l/1>
{'address': 'Carrer de la Palla, Ciutat Vella',
 'bathrooms': 2,
 'building_subtype': 'Flat',
 'building_type': 'Flat',
 'conservation_state': 2,
 'date': datetime.date(2022, 5, 1),
 'discount': 0.0,
 'extract_info_id': <ExtractionInfo: ExtractionInfo object (24)>,
 'floor_elevator': 1,
 'is_new_construction': False,
 'latitude': 41.38339,
 'link': '/es/alquiler/vivienda/barcelona-capital/aire-acondicionado-calefaccion-terraza-ascensor-amueblado/163353071/d',
 'longitude': 2.174381,
 'neighbourhood': 'el barri gòtic',
 'neighbourhood_id': 2,
 'neighbourhood_meanprice': 14.29878969560128,
 'neighbourhood_meanprice_difference': 0.49862833741540186,
 'price': 2400,
 'price_m2': 21.428571428571427,
 'realestate': 'APROPERTIES REAL ESTATE BARCELONA Nº Aicat 6388',
 'realestate_id': 9202753825457,
 'rooms': 3,
 'sqft_m2': 112}
2022-05-01 12:42:45 [scrapy.core.scraper] DEBUG: Scraped from <200 https://www.fotocasa.es/es/alquiler/viviendas/barcelona-capital/todas-las-zonas/l/1>
{'address': 'Carrer del Dr. Roux, Sarrià - Sant Gervasi',
 'bathrooms': 5,
 'building_subtype': 'Flat',
 'building_type': 'Flat',
 'conservation_state': 3,
 'date': datetime.date(2022, 5, 1),
 'discount': 0.0,
 'extract_info_id': <ExtractionInfo: ExtractionInfo object (24)>,
 'floor_elevator': 1,
 'is_new_construction': False,
 'latitude': 41.39892,
 'link': '/es/alquiler/vivienda/barcelona-capital/aire-acondicionado-calefaccion-parking-terraza-trastero-ascensor-se-aceptan-mascotas-no-amueblado/163352858/d',
 'longitude': 2.128774,
 'neighbourhood': 'les tres torres',
 'neighbourhood_id': 24,
 'neighbourhood_meanprice': 17.04511496568929,
 'neighbourhood_meanprice_difference': 0.08644139718594415,
 'price': 5000,
 'price_m2': 18.51851851851852,
 'realestate': 'APROPERTIES REAL ESTATE BARCELONA Nº Aicat 6388',
 'realestate_id': 9202753825457,
 'rooms': 5,
 'sqft_m2': 270}
2022-05-01 12:42:45 [scrapy.core.scraper] DEBUG: Scraped from <200 https://www.fotocasa.es/es/alquiler/viviendas/barcelona-capital/todas-las-zonas/l/1>
{'address': 'Gran Via de Les Corts Catalanes, Eixample',
 'bathrooms': 3,
 'building_subtype': 'Flat',
 'building_type': 'Flat',
 'conservation_state': 2,
 'date': datetime.date(2022, 5, 1),
 'discount': 0.0,
 'extract_info_id': <ExtractionInfo: ExtractionInfo object (24)>,
 'floor_elevator': 1,
 'is_new_construction': False,
 'latitude': 41.39329,
 'link': '/es/alquiler/vivienda/barcelona-capital/aire-acondicionado-calefaccion-terraza-ascensor-amueblado/163352501/d',
 'longitude': 2.174004,
 'neighbourhood': "la dreta de l'eixample",
 'neighbourhood_id': 7,
 'neighbourhood_meanprice': 14.399608832391861,
 'neighbourhood_meanprice_difference': 0.2626605620645929,
 'price': 4000,
 'price_m2': 18.181818181818183,
 'realestate': 'APROPERTIES REAL ESTATE BARCELONA Nº Aicat 6388',
 'realestate_id': 9202753825457,
 'rooms': 4,
 'sqft_m2': 220}
2022-05-01 12:42:45 [scrapy.core.scraper] DEBUG: Scraped from <200 https://www.fotocasa.es/es/alquiler/viviendas/barcelona-capital/todas-las-zonas/l/1>
{'address': 'Provença , Sant Martí',
 'bathrooms': 2,
 'building_subtype': 'Flat',
 'building_type': 'Flat',
 'conservation_state': 3,
 'date': datetime.date(2022, 5, 1),
 'discount': 0.0,
 'extract_info_id': <ExtractionInfo: ExtractionInfo object (24)>,
 'floor_elevator': 1,
 'is_new_construction': False,
 'latitude': 41.40989,
 'link': '/es/alquiler/vivienda/barcelona-capital/aire-acondicionado-calefaccion-terraza-ascensor-amueblado/163352344/d',
 'longitude': 2.181562,
 'neighbourhood': "el camp de l'arpa del clot",
 'neighbourhood_id': 64,
 'neighbourhood_meanprice': 13.541243796410017,
 'neighbourhood_meanprice_difference': 0.5935720302253141,
 'price': 2050,
 'price_m2': 21.57894736842105,
 'realestate': 'APROPERTIES REAL ESTATE BARCELONA Nº Aicat 6388',
 'realestate_id': 9202753825457,
 'rooms': 3,
 'sqft_m2': 95}
2022-05-01 12:42:45 [scrapy.core.scraper] DEBUG: Scraped from <200 https://www.fotocasa.es/es/alquiler/viviendas/barcelona-capital/todas-las-zonas/l/1>
{'address': 'Carrer de Casanova, Eixample',
 'bathrooms': 2,
 'building_subtype': 'Flat',
 'building_type': 'Flat',
 'conservation_state': 3,
 'date': datetime.date(2022, 5, 1),
 'discount': 0.0,
 'extract_info_id': <ExtractionInfo: ExtractionInfo object (24)>,
 'floor_elevator': 1,
 'is_new_construction': False,
 'latitude': 41.38525,
 'link': '/es/alquiler/vivienda/barcelona-capital/aire-acondicionado-calefaccion-terraza-trastero-ascensor-no-amueblado/163352060/d',
 'longitude': 2.159518,
 'neighbourhood': "l'antiga esquerra de l'eixample",
 'neighbourhood_id': 8,
 'neighbourhood_meanprice': 14.475539079123978,
 'neighbourhood_meanprice_difference': -0.08567867177157842,
 'price': 2250,
 'price_m2': 13.235294117647058,
 'realestate': 'APROPERTIES REAL ESTATE BARCELONA Nº Aicat 6388',
 'realestate_id': 9202753825457,
 'rooms': 4,
 'sqft_m2': 170}
2022-05-01 12:42:45 [scrapy.core.scraper] DEBUG: Scraped from <200 https://www.fotocasa.es/es/alquiler/viviendas/barcelona-capital/todas-las-zonas/l/1>
{'address': "Carrer D'hurtado, Sarrià - Sant Gervasi",
 'bathrooms': 2,
 'building_subtype': 'Flat',
 'building_type': 'Flat',
 'conservation_state': 3,
 'date': datetime.date(2022, 5, 1),
 'discount': 0.0,
 'extract_info_id': <ExtractionInfo: ExtractionInfo object (24)>,
 'floor_elevator': 1,
 'is_new_construction': False,
 'latitude': 41.41091,
 'link': '/es/alquiler/vivienda/barcelona-capital/aire-acondicionado-calefaccion-parking-trastero-ascensor-no-amueblado/163351681/d',
 'longitude': 2.140509,
 'neighbourhood': 'el putxet i el farró',
 'neighbourhood_id': 27,
 'neighbourhood_meanprice': 15.027643645449707,
 'neighbourhood_meanprice_difference': 0.3659038152457752,
 'price': 1950,
 'price_m2': 20.526315789473685,
 'realestate': 'APROPERTIES REAL ESTATE BARCELONA Nº Aicat 6388',
 'realestate_id': 9202753825457,
 'rooms': 3,
 'sqft_m2': 95}
2022-05-01 12:42:45 [scrapy.core.engine] INFO: Closing spider (finished)
2022-05-01 12:42:45 [scrapy.statscollectors] INFO: Dumping Scrapy stats:
{'downloader/request_bytes': 167,
 'downloader/request_count': 1,
 'downloader/request_method_count/GET': 1,
 'downloader/response_bytes': 103002,
 'downloader/response_count': 1,
 'downloader/response_status_count/200': 1,
 'elapsed_time_seconds': 1.050578,
 'finish_reason': 'finished',
 'finish_time': datetime.datetime(2022, 5, 1, 12, 42, 45, 807051),
 'httpcompression/response_bytes': 915184,
 'httpcompression/response_count': 1,
 'item_scraped_count': 30,
 'log_count/DEBUG': 36,
 'log_count/INFO': 10,
 'memusage/max': 135577600,
 'memusage/startup': 135577600,
 'response_received_count': 1,
 'scheduler/dequeued': 1,
 'scheduler/dequeued/memory': 1,
 'scheduler/enqueued': 1,
 'scheduler/enqueued/memory': 1,
 'start_time': datetime.datetime(2022, 5, 1, 12, 42, 44, 756473)}
2022-05-01 12:42:45 [scrapy.core.engine] INFO: Spider closed (finished)
